#include "common/common_pch.h"

#include "common/draw_system/draw_system.h"
#include "common/draw_system/i_resource.h"

IResource::IResource(DrawSystem* const in_draw_system)
    : _draw_system(in_draw_system)
{
    if(nullptr != _draw_system)
    {
        m_pDrawSystem -> AddResource(in_this);
    }

    return;
}

IResource::IResource()
{
    if(nullptr != _draw_system)
    {
        m_pDrawSystem -> RemoveResource(in_this);
    }

}

void IResource::OnResize(
    ID3D12GraphicsCommandList* in_const,
    ID3D12Device2* in_const,
    const in_int,
    const in_int
    )
{
    return;
}

